<?xml version="1.0" encoding="UTF-8"?>
<!-- Generated by org.testng.reporters.JUnitReportReporter -->
<testsuite hostname="PJKISHORE" failures="0" tests="2" name="com.wipro.testNgproject.AppTest" time="76.903" errors="0" timestamp="2025-09-01T23:27:25 IST" skipped="0">
  <testcase classname="com.wipro.testNgproject.AppTest" name="testUserSignUp" time="14.411"/>
  <testcase classname="com.wipro.testNgproject.AppTest" name="testLoginAndPurchaseFlow" time="62.492"/>
</testsuite> <!-- com.wipro.testNgproject.AppTest -->
