<?xml version="1.0" encoding="UTF-8"?>
<!-- Generated by org.testng.reporters.JUnitXMLReporter -->
<testsuite ignored="0" hostname="PJKISHORE" failures="1" tests="1" name="FormTest" time="0.088" errors="0" timestamp="2025-08-23T12:18:11 IST">
  <testcase classname="com.wipro.testng.TestNGGroupingEg" name="fillAndSubmitForm" time="0.015">
    <failure type="java.lang.NullPointerException" message="Cannot invoke &amp;quot;org.openqa.selenium.WebDriver.findElement(org.openqa.selenium.By)&amp;quot; because &amp;quot;this.driver&amp;quot; is null">
      <![CDATA[java.lang.NullPointerException: Cannot invoke "org.openqa.selenium.WebDriver.findElement(org.openqa.selenium.By)" because "this.driver" is null
at com.wipro.testng.TestNGGroupingEg.fillAndSubmitForm(TestNGGroupingEg.java:32)
at java.base/java.util.ArrayList.forEach(ArrayList.java:1511)
... Removed 27 stack frames]]>
    </failure>
  </testcase> <!-- fillAndSubmitForm -->
</testsuite> <!-- FormTest -->
