<?xml version="1.0" encoding="UTF-8"?>
<testng-results ignored="0" total="2" passed="2" failed="0" skipped="0">
  <reporter-output>
  </reporter-output>
  <suite started-at="2025-08-23T13:10:28 IST" name="Suite" finished-at="2025-08-23T13:10:45 IST" duration-ms="17710">
    <groups>
    </groups>
    <test started-at="2025-08-23T13:10:28 IST" name="Test" finished-at="2025-08-23T13:10:45 IST" duration-ms="17710">
      <class name="com.wipro.testng.TestNGPriorityEg">
        <test-method is-config="true" signature="setup()[pri:0, instance:com.wipro.testng.TestNGPriorityEg@4be29ed9]" started-at="2025-08-23T13:10:28 IST" name="setup" finished-at="2025-08-23T13:10:32 IST" duration-ms="4581" status="PASS">
          <reporter-output>
          </reporter-output>
        </test-method> <!-- setup -->
        <test-method signature="testValidLogin()[pri:1, instance:com.wipro.testng.TestNGPriorityEg@4be29ed9]" started-at="2025-08-23T13:10:32 IST" name="testValidLogin" finished-at="2025-08-23T13:10:37 IST" duration-ms="5075" status="PASS">
          <reporter-output>
          </reporter-output>
        </test-method> <!-- testValidLogin -->
        <test-method is-config="true" signature="tearDown()[pri:0, instance:com.wipro.testng.TestNGPriorityEg@4be29ed9]" started-at="2025-08-23T13:10:37 IST" name="tearDown" finished-at="2025-08-23T13:10:37 IST" duration-ms="265" status="PASS">
          <reporter-output>
          </reporter-output>
        </test-method> <!-- tearDown -->
        <test-method is-config="true" signature="setup()[pri:0, instance:com.wipro.testng.TestNGPriorityEg@4be29ed9]" started-at="2025-08-23T13:10:37 IST" name="setup" finished-at="2025-08-23T13:10:41 IST" duration-ms="3155" status="PASS">
          <reporter-output>
          </reporter-output>
        </test-method> <!-- setup -->
        <test-method signature="testInvalidLogin()[pri:2, instance:com.wipro.testng.TestNGPriorityEg@4be29ed9]" started-at="2025-08-23T13:10:41 IST" name="testInvalidLogin" finished-at="2025-08-23T13:10:45 IST" duration-ms="4335" status="PASS">
          <reporter-output>
          </reporter-output>
        </test-method> <!-- testInvalidLogin -->
        <test-method is-config="true" signature="tearDown()[pri:0, instance:com.wipro.testng.TestNGPriorityEg@4be29ed9]" started-at="2025-08-23T13:10:45 IST" name="tearDown" finished-at="2025-08-23T13:10:45 IST" duration-ms="233" status="PASS">
          <reporter-output>
          </reporter-output>
        </test-method> <!-- tearDown -->
      </class> <!-- com.wipro.testng.TestNGPriorityEg -->
    </test> <!-- Test -->
  </suite> <!-- Suite -->
</testng-results>
