<?xml version="1.0" encoding="UTF-8"?>
<testng-results ignored="0" total="2" passed="2" failed="0" skipped="0">
  <reporter-output>
  </reporter-output>
  <suite started-at="2025-09-01T23:26:08 IST" name="Suite" finished-at="2025-09-01T23:27:25 IST" duration-ms="76979">
    <groups>
    </groups>
    <test started-at="2025-09-01T23:26:08 IST" name="LoginTests" finished-at="2025-09-01T23:27:25 IST" duration-ms="76979">
      <class name="com.wipro.testNgproject.AppTest">
        <test-method is-config="true" signature="setup()[pri:0, instance:com.wipro.testNgproject.AppTest@6574a52c]" started-at="2025-09-01T23:26:08 IST" name="setup" finished-at="2025-09-01T23:26:10 IST" duration-ms="2760" status="PASS">
          <reporter-output>
          </reporter-output>
        </test-method> <!-- setup -->
        <test-method signature="testUserSignUp()[pri:1, instance:com.wipro.testNgproject.AppTest@6574a52c]" started-at="2025-09-01T23:26:10 IST" name="testUserSignUp" description="Verifies successful user registration" finished-at="2025-09-01T23:26:23 IST" duration-ms="12824" status="PASS">
          <reporter-output>
          </reporter-output>
        </test-method> <!-- testUserSignUp -->
        <test-method is-config="true" signature="teardown()[pri:0, instance:com.wipro.testNgproject.AppTest@6574a52c]" started-at="2025-09-01T23:26:23 IST" name="teardown" finished-at="2025-09-01T23:26:24 IST" duration-ms="471" status="PASS">
          <reporter-output>
          </reporter-output>
        </test-method> <!-- teardown -->
        <test-method is-config="true" signature="setup()[pri:0, instance:com.wipro.testNgproject.AppTest@6574a52c]" started-at="2025-09-01T23:26:24 IST" name="setup" finished-at="2025-09-01T23:26:25 IST" duration-ms="1151" status="PASS">
          <reporter-output>
          </reporter-output>
        </test-method> <!-- setup -->
        <test-method signature="testLoginAndPurchaseFlow()[pri:2, instance:com.wipro.testNgproject.AppTest@6574a52c]" started-at="2025-09-01T23:26:25 IST" name="testLoginAndPurchaseFlow" description="Performs login and then continues with an end-to-end purchase" finished-at="2025-09-01T23:27:24 IST" duration-ms="59261" status="PASS">
          <reporter-output>
          </reporter-output>
        </test-method> <!-- testLoginAndPurchaseFlow -->
        <test-method is-config="true" signature="teardown()[pri:0, instance:com.wipro.testNgproject.AppTest@6574a52c]" started-at="2025-09-01T23:27:24 IST" name="teardown" finished-at="2025-09-01T23:27:25 IST" duration-ms="436" status="PASS">
          <reporter-output>
          </reporter-output>
        </test-method> <!-- teardown -->
      </class> <!-- com.wipro.testNgproject.AppTest -->
    </test> <!-- LoginTests -->
  </suite> <!-- Suite -->
</testng-results>
