<?xml version="1.0" encoding="UTF-8"?>
<testng-results ignored="0" total="1" passed="1" failed="0" skipped="0">
  <reporter-output>
  </reporter-output>
  <suite started-at="2025-08-24T04:36:20 IST" name="Suite" finished-at="2025-08-24T04:36:26 IST" duration-ms="5391">
    <groups>
    </groups>
    <test started-at="2025-08-24T04:36:20 IST" name="LoginTests" finished-at="2025-08-24T04:36:26 IST" duration-ms="5391">
      <class name="com.wipro.testng.firstTest">
        <test-method signature="launchbrowser()[pri:0, instance:com.wipro.testng.firstTest@437da279]" started-at="2025-08-24T04:36:20 IST" name="launchbrowser" finished-at="2025-08-24T04:36:26 IST" duration-ms="5343" status="PASS">
          <reporter-output>
          </reporter-output>
        </test-method> <!-- launchbrowser -->
      </class> <!-- com.wipro.testng.firstTest -->
    </test> <!-- LoginTests -->
  </suite> <!-- Suite -->
</testng-results>
